-------------------------------------------------------------------------------
Test set: com.newgenerate.NewgenerateApplicationTests
-------------------------------------------------------------------------------
Tests run: 1, Failures: 0, Errors: 1, Skipped: 0, Time elapsed: 3.734 s <<< FAILURE! - in com.newgenerate.NewgenerateApplicationTests
contextLoads  Time elapsed: 0.009 s  <<< ERROR!
java.lang.IllegalStateException: Failed to load ApplicationContext
Caused by: org.springframework.context.ApplicationContextException: Failed to start bean 'documentationPluginsBootstrapper'; nested exception is com.google.common.util.concurrent.ExecutionError: com.google.common.util.concurrent.ExecutionError: java.lang.NoClassDefFoundError: javax/validation/constraints/Min
Caused by: com.google.common.util.concurrent.ExecutionError: com.google.common.util.concurrent.ExecutionError: java.lang.NoClassDefFoundError: javax/validation/constraints/Min
Caused by: com.google.common.util.concurrent.ExecutionError: java.lang.NoClassDefFoundError: javax/validation/constraints/Min
Caused by: java.lang.NoClassDefFoundError: javax/validation/constraints/Min
Caused by: java.lang.ClassNotFoundException: javax.validation.constraints.Min

